2025-09-26 00:27:44.906204 - User: Anonymous - Path: /register/
2025-09-26 00:27:45.132414 - User: Anonymous - Path: /favicon.ico
2025-09-26 00:28:08.403594 - User: Anonymous - Path: /chats/register/
2025-09-26 00:28:27.027959 - User: Anonymous - Path: /api/chats/register/
2025-09-26 00:35:18.103235 - User: Anonymous - Path: /api/chats/register/
2025-09-26 00:35:21.733481 - User: Anonymous - Path: /api/chats/register/
2025-09-26 00:36:08.871562 - User: Anonymous - Path: /api/chats/register
2025-09-26 00:36:56.454887 - User: Anonymous - Path: /api/chats/
2025-09-26 00:37:05.278298 - User: Anonymous - Path: /api/chats/
2025-09-26 00:37:26.158788 - User: Anonymous - Path: /api/chats/register/
2025-09-26 00:38:43.710194 - User: Anonymous - Path: /api/chats/register/
2025-09-26 00:38:45.098234 - User: Anonymous - Path: /api/chats/register/
2025-09-26 00:38:45.957787 - User: Anonymous - Path: /api/chats/register/
2025-09-26 00:38:46.964394 - User: Anonymous - Path: /api/chats/register/
2025-09-26 00:40:31.666611 - User: Anonymous - Path: /api/chats/users/register/
2025-09-26 00:49:51.825459 - User: Anonymous - Path: /api/chats/users/register/
2025-09-26 00:51:06.897218 - User: Anonymous - Path: /api/chats/users/register/
2025-09-26 00:51:09.125541 - User: Anonymous - Path: /api/chats/users/register/
2025-09-26 00:52:22.640439 - User: Anonymous - Path: /api/chats/users/register/
2025-09-26 00:53:03.831343 - User: Anonymous - Path: /api/chats/users/register/
2025-09-26 00:54:28.631121 - User: Anonymous - Path: /api/chats/users/register/
2025-09-26 00:55:46.816255 - User: Anonymous - Path: /api/chats/users/register/
2025-09-26 00:58:11.098429 - User: Anonymous - Path: /api/chats/users/register/
2025-09-26 00:59:29.376042 - User: Anonymous - Path: /api/chats/users/register/
2025-09-26 00:59:47.565007 - User: Anonymous - Path: /api/chats/users/register/
2025-09-26 00:59:48.811638 - User: Anonymous - Path: /api/chats/users/register/
2025-09-26 00:59:49.529346 - User: Anonymous - Path: /api/chats/users/register/
2025-09-26 01:01:12.251240 - User: Anonymous - Path: /api/chats/users/register/
2025-09-26 01:06:04.234410 - User: Anonymous - Path: /api/chats/users/register/
2025-09-26 01:06:37.175921 - User: Anonymous - Path: /api/chats/register/
2025-09-26 01:12:22.174393 - User: Anonymous - Path: /api/chats/users/register/
2025-09-26 01:12:38.882912 - User: Anonymous - Path: /api/chats/users/register/
2025-09-26 01:13:09.082904 - User: Anonymous - Path: /api/chats/users/register/
2025-09-26 06:04:26.391064 - User: Anonymous - Path: /api/chats/users/register/
2025-09-26 06:04:43.424730 - User: Anonymous - Path: /api/chats/users/register/
